c:\users\lindsey.lindseyuni\documents\uni year 3\semester 2\procedrual methods\oldframework\shadersframework(1) (1)\shaders\procedural methods\debug\vc140.pdb
c:\users\lindsey.lindseyuni\documents\uni year 3\semester 2\procedrual methods\oldframework\shadersframework(1) (1)\shaders\procedural methods\debug\vc140.idb
c:\users\lindsey.lindseyuni\documents\uni year 3\semester 2\procedrual methods\oldframework\shadersframework(1) (1)\shaders\procedural methods\debug\app1.obj
c:\users\lindsey.lindseyuni\documents\uni year 3\semester 2\procedrual methods\oldframework\shadersframework(1) (1)\shaders\procedural methods\debug\cameracontrol.obj
c:\users\lindsey.lindseyuni\documents\uni year 3\semester 2\procedrual methods\oldframework\shadersframework(1) (1)\shaders\procedural methods\debug\colourshader.obj
c:\users\lindsey.lindseyuni\documents\uni year 3\semester 2\procedrual methods\oldframework\shadersframework(1) (1)\shaders\procedural methods\debug\depthshader.obj
c:\users\lindsey.lindseyuni\documents\uni year 3\semester 2\procedrual methods\oldframework\shadersframework(1) (1)\shaders\procedural methods\debug\lightshader.obj
c:\users\lindsey.lindseyuni\documents\uni year 3\semester 2\procedrual methods\oldframework\shadersframework(1) (1)\shaders\procedural methods\debug\main.obj
c:\users\lindsey.lindseyuni\documents\uni year 3\semester 2\procedrual methods\oldframework\shadersframework(1) (1)\shaders\procedural methods\debug\terrainmesh.obj
c:\users\lindsey.lindseyuni\documents\uni year 3\semester 2\procedrual methods\oldframework\shadersframework(1) (1)\shaders\procedural methods\debug\terrainshader.obj
c:\users\lindsey.lindseyuni\documents\uni year 3\semester 2\procedrual methods\oldframework\shadersframework(1) (1)\shaders\procedural methods\colour_ps.cso
c:\users\lindsey.lindseyuni\documents\uni year 3\semester 2\procedrual methods\oldframework\shadersframework(1) (1)\shaders\procedural methods\colour_vs.cso
c:\users\lindsey.lindseyuni\documents\uni year 3\semester 2\procedrual methods\oldframework\shadersframework(1) (1)\shaders\procedural methods\depth_ps.cso
c:\users\lindsey.lindseyuni\documents\uni year 3\semester 2\procedrual methods\oldframework\shadersframework(1) (1)\shaders\procedural methods\depth_vs.cso
c:\users\lindsey.lindseyuni\documents\uni year 3\semester 2\procedrual methods\oldframework\shadersframework(1) (1)\shaders\procedural methods\light_ps.cso
c:\users\lindsey.lindseyuni\documents\uni year 3\semester 2\procedrual methods\oldframework\shadersframework(1) (1)\shaders\procedural methods\light_vs.cso
c:\users\lindsey.lindseyuni\documents\uni year 3\semester 2\procedrual methods\oldframework\shadersframework(1) (1)\shaders\procedural methods\terrain_ps.cso
c:\users\lindsey.lindseyuni\documents\uni year 3\semester 2\procedrual methods\oldframework\shadersframework(1) (1)\shaders\procedural methods\terrain_vs.cso
c:\users\lindsey.lindseyuni\documents\uni year 3\semester 2\procedrual methods\oldframework\shadersframework(1) (1)\shaders\procedural methods\debug\procedur.f69af914.tlog\cl.command.1.tlog
c:\users\lindsey.lindseyuni\documents\uni year 3\semester 2\procedrual methods\oldframework\shadersframework(1) (1)\shaders\procedural methods\debug\procedur.f69af914.tlog\cl.read.1.tlog
c:\users\lindsey.lindseyuni\documents\uni year 3\semester 2\procedrual methods\oldframework\shadersframework(1) (1)\shaders\procedural methods\debug\procedur.f69af914.tlog\cl.write.1.tlog
c:\users\lindsey.lindseyuni\documents\uni year 3\semester 2\procedrual methods\oldframework\shadersframework(1) (1)\shaders\procedural methods\debug\procedur.f69af914.tlog\fxc.command.1.tlog
c:\users\lindsey.lindseyuni\documents\uni year 3\semester 2\procedrual methods\oldframework\shadersframework(1) (1)\shaders\procedural methods\debug\procedur.f69af914.tlog\fxc.read.1.tlog
c:\users\lindsey.lindseyuni\documents\uni year 3\semester 2\procedrual methods\oldframework\shadersframework(1) (1)\shaders\procedural methods\debug\procedur.f69af914.tlog\fxc.write.1.tlog
c:\users\lindsey.lindseyuni\documents\uni year 3\semester 2\procedrual methods\oldframework\shadersframework(1) (1)\shaders\procedural methods\debug\procedur.f69af914.tlog\link.command.1.tlog
c:\users\lindsey.lindseyuni\documents\uni year 3\semester 2\procedrual methods\oldframework\shadersframework(1) (1)\shaders\procedural methods\debug\procedur.f69af914.tlog\link.read.1.tlog
c:\users\lindsey.lindseyuni\documents\uni year 3\semester 2\procedrual methods\oldframework\shadersframework(1) (1)\shaders\procedural methods\debug\procedur.f69af914.tlog\link.write.1.tlog
c:\users\lindsey.lindseyuni\documents\uni year 3\semester 2\procedrual methods\oldframework\shadersframework(1) (1)\shaders\procedural methods\debug\procedur.f69af914.tlog\procedural methods.write.1u.tlog
